<?xml version="1.0" encoding="UTF-8"?>
<!-- Generated by org.testng.reporters.JUnitReportReporter -->
<testsuite hostname="Administrator" failures="0" tests="1" name="com.qa.cxplite.tests.ValidateHomePageTest" time="0.000" errors="0" timestamp="2021-07-11T17:15:59 IST" skipped="1">
  <testcase classname="com.qa.cxplite.tests.ValidateHomePageTest" name="validatehomepage" time="0.000">
    <skipped/>
  </testcase> <!-- validatehomepage -->
  <system-out/>
</testsuite> <!-- com.qa.cxplite.tests.ValidateHomePageTest -->
