<?xml version="1.0" encoding="UTF-8"?>
<!-- Generated by org.testng.reporters.JUnitReportReporter -->
<testsuite hostname="Administrator" failures="0" tests="2" name="com.qa.cxplite.tests.CreateEventTest" time="113.691" errors="0" timestamp="2021-07-01T18:50:33 IST" skipped="0">
  <testcase classname="com.qa.cxplite.tests.CreateEventTest" name="validateCreateEvent" time="105.063"/>
  <system-out/>
  <testcase classname="com.qa.cxplite.tests.CreateEventTest" name="serachEventTest" time="8.628"/>
  <system-out/>
</testsuite> <!-- com.qa.cxplite.tests.CreateEventTest -->
