<?xml version="1.0" encoding="UTF-8"?>
<!-- Generated by org.testng.reporters.JUnitReportReporter -->
<testsuite hostname="Administrator" failures="0" tests="4" name="com.qa.cxplite.tests.CreateEventOrderTest" time="427.367" errors="0" timestamp="2021-07-10T21:50:08 IST" skipped="0">
  <testcase classname="com.qa.cxplite.tests.CreateEventOrderTest" name="eventnumberSearch" time="16.989"/>
  <system-out/>
  <testcase classname="com.qa.cxplite.tests.CreateEventOrderTest" name="eventnumberSearch" time="17.648"/>
  <system-out/>
  <testcase classname="com.qa.cxplite.tests.CreateEventOrderTest" name="add_menu" time="194.676"/>
  <system-out/>
  <testcase classname="com.qa.cxplite.tests.CreateEventOrderTest" name="add_menu" time="198.054"/>
  <system-out/>
</testsuite> <!-- com.qa.cxplite.tests.CreateEventOrderTest -->
