<?xml version="1.0" encoding="UTF-8"?>
<!-- Generated by org.testng.reporters.JUnitReportReporter -->
<testsuite hostname="Administrator" failures="0" tests="2" name="com.qa.cxplite.tests.QuickCreateEventTest" time="122.744" errors="0" timestamp="2021-07-10T21:50:08 IST" skipped="0">
  <testcase classname="com.qa.cxplite.tests.QuickCreateEventTest" name="validateCreateEvent" time="111.024"/>
  <system-out/>
  <testcase classname="com.qa.cxplite.tests.QuickCreateEventTest" name="serachEventTest" time="11.720"/>
  <system-out/>
</testsuite> <!-- com.qa.cxplite.tests.QuickCreateEventTest -->
