<?xml version="1.0" encoding="UTF-8"?>
<!-- Generated by org.testng.reporters.JUnitReportReporter -->
<testsuite hostname="Administrator" failures="0" tests="2" name="com.qa.cxplite.tests.CreateEventTest" time="131.856" errors="0" timestamp="2021-07-18T15:46:00 IST" skipped="0">
  <testcase classname="com.qa.cxplite.tests.CreateEventTest" name="validateCreateEvent" time="120.325"/>
  <system-out/>
  <testcase classname="com.qa.cxplite.tests.CreateEventTest" name="serachEventTest" time="11.531"/>
  <system-out/>
</testsuite> <!-- com.qa.cxplite.tests.CreateEventTest -->
