<?xml version="1.0" encoding="UTF-8"?>
<!-- Generated by org.testng.reporters.JUnitReportReporter -->
<testsuite hostname="Administrator" failures="0" tests="2" name="com.qa.cxplite.tests.CreateEventOrderTest" time="203.478" errors="0" timestamp="2021-07-01T18:50:34 IST" skipped="0">
  <testcase classname="com.qa.cxplite.tests.CreateEventOrderTest" name="eventnumberSearch" time="13.673"/>
  <system-out/>
  <testcase classname="com.qa.cxplite.tests.CreateEventOrderTest" name="add_menu" time="189.805"/>
  <system-out/>
</testsuite> <!-- com.qa.cxplite.tests.CreateEventOrderTest -->
