<?xml version="1.0" encoding="UTF-8"?>
<!-- Generated by org.testng.reporters.JUnitReportReporter -->
<testsuite hostname="Administrator" failures="0" tests="2" name="com.qa.cxplite.tests.CreateEventOrderTest" time="230.730" errors="0" timestamp="2021-07-18T15:45:59 IST" skipped="0">
  <testcase classname="com.qa.cxplite.tests.CreateEventOrderTest" name="eventnumberSearch" time="18.987"/>
  <system-out/>
  <testcase classname="com.qa.cxplite.tests.CreateEventOrderTest" name="add_menu" time="211.743"/>
  <system-out/>
</testsuite> <!-- com.qa.cxplite.tests.CreateEventOrderTest -->
