<?xml version="1.0" encoding="UTF-8"?>
<!-- Generated by org.testng.reporters.JUnitReportReporter -->
<testsuite hostname="Administrator" failures="0" tests="1" name="com.qa.cxplite.tests.cxpCreateCustomerTest" time="26.527" errors="0" timestamp="2021-07-01T18:50:34 IST" skipped="0">
  <testcase classname="com.qa.cxplite.tests.cxpCreateCustomerTest" name="validateCreateCustomer" time="26.527"/>
  <system-out/>
</testsuite> <!-- com.qa.cxplite.tests.cxpCreateCustomerTest -->
