<?xml version="1.0" encoding="UTF-8"?>
<!-- Generated by org.testng.reporters.JUnitReportReporter -->
<testsuite hostname="Administrator" failures="0" tests="1" name="com.qa.cxplite.tests.cxpLoginTest" time="7.955" errors="0" timestamp="2021-07-18T15:45:59 IST" skipped="0">
  <testcase classname="com.qa.cxplite.tests.cxpLoginTest" name="validatelogin" time="7.955"/>
  <system-out/>
</testsuite> <!-- com.qa.cxplite.tests.cxpLoginTest -->
