<?xml version="1.0" encoding="UTF-8"?>
<!-- Generated by org.testng.reporters.JUnitReportReporter -->
<testsuite hostname="Administrator" failures="0" tests="2" name="com.qa.cxplite.tests.cxpLoginTest" time="15.737" errors="0" timestamp="2021-07-10T21:50:08 IST" skipped="0">
  <testcase classname="com.qa.cxplite.tests.cxpLoginTest" name="validatelogin" time="7.792"/>
  <system-out/>
  <testcase classname="com.qa.cxplite.tests.cxpLoginTest" name="validatelogin" time="7.945"/>
  <system-out/>
</testsuite> <!-- com.qa.cxplite.tests.cxpLoginTest -->
