<?xml version="1.0" encoding="UTF-8"?>
<!-- Generated by org.testng.reporters.JUnitReportReporter -->
<testsuite hostname="Administrator" failures="0" tests="2" name="com.qa.cxplite.tests.CreateEventOrderTest" time="0.000" errors="0" timestamp="2021-07-11T17:15:59 IST" skipped="2">
  <testcase classname="com.qa.cxplite.tests.CreateEventOrderTest" name="eventnumberSearch" time="0.000">
    <skipped/>
  </testcase> <!-- eventnumberSearch -->
  <system-out/>
  <testcase classname="com.qa.cxplite.tests.CreateEventOrderTest" name="add_menu" time="0.000">
    <skipped/>
  </testcase> <!-- add_menu -->
  <system-out/>
</testsuite> <!-- com.qa.cxplite.tests.CreateEventOrderTest -->
