<?xml version="1.0" encoding="UTF-8"?>
<!-- Generated by org.testng.reporters.JUnitReportReporter -->
<testsuite hostname="Administrator" failures="0" tests="2" name="com.qa.cxplite.tests.createbillservicetest" time="130.338" errors="0" timestamp="2021-07-10T21:50:08 IST" skipped="0">
  <testcase classname="com.qa.cxplite.tests.createbillservicetest" name="bill_service" time="114.110"/>
  <system-out/>
  <testcase classname="com.qa.cxplite.tests.createbillservicetest" name="bill_service" time="16.228"/>
  <system-out/>
</testsuite> <!-- com.qa.cxplite.tests.createbillservicetest -->
