<?xml version="1.0" encoding="UTF-8"?>
<!-- Generated by org.testng.reporters.JUnitReportReporter -->
<testsuite hostname="Administrator" failures="0" tests="2" name="com.qa.cxplite.tests.CreateEventTest" time="0.000" errors="0" timestamp="2021-07-11T17:15:59 IST" skipped="2">
  <testcase classname="com.qa.cxplite.tests.CreateEventTest" name="validateCreateEvent" time="0.000">
    <skipped/>
  </testcase> <!-- validateCreateEvent -->
  <system-out/>
  <testcase classname="com.qa.cxplite.tests.CreateEventTest" name="serachEventTest" time="0.000">
    <skipped/>
  </testcase> <!-- serachEventTest -->
  <system-out/>
</testsuite> <!-- com.qa.cxplite.tests.CreateEventTest -->
